IQ-TREE multicore version 1.6.12 for Linux 64-bit built Aug 15 2019
Developed by Bui Quang Minh, Nguyen Lam Tung, Olga Chernomor,
Heiko Schmidt, Dominik Schrempf, Michael Woodhams.

Host:    pubrec-cls-01 (AVX512, FMA3, 30 GB RAM)
Command: iqtree -s phlip_new_fasta.phy -nt AUTO -m MFP -bb 1000
Seed:    751228 (Using SPRNG - Scalable Parallel Random Number Generator)
Time:    Thu Mar 12 11:53:19 2020
Kernel:  AVX+FMA - auto-detect threads (8 CPU cores detected)

Reading alignment file phlip_new_fasta.phy ... Phylip format detected
Alignment most likely contains DNA/RNA sequences
Alignment has 226 sequences with 174300 columns, 152128 distinct patterns
174300 parsimony-informative, 0 singleton sites, 0 constant sites
      Gap/Ambiguity  Composition  p-value
   1  E1      0.68%    passed     29.06%
   2  E12     0.70%    passed     13.53%
   3  E13     0.97%    failed      2.21%
   4  E14     1.05%    passed      7.14%
   5  E15     0.80%    passed     20.65%
   6  E16     0.95%    failed      2.39%
   7  E17     0.69%    passed     91.62%
   8  E18     0.81%    passed     68.71%
   9  E19     0.03%    passed     32.54%
  10  E2      0.03%    passed     31.78%
  11  E20     0.65%    failed      0.05%
  12  E21     2.20%    passed     63.70%
  13  E22     0.44%    passed     17.53%
  14  E24     1.17%    passed     35.56%
  15  E25     0.75%    passed     80.25%
  16  E26     0.79%    passed     62.72%
  17  E27     0.65%    passed     82.21%
  18  E28     1.48%    passed     80.01%
  19  E29     0.92%    failed      3.22%
  20  E3      0.71%    passed     90.93%
  21  E30     0.99%    passed     85.81%
  22  E31     0.94%    passed     61.81%
  23  E32     1.40%    passed     82.91%
  24  E33     1.02%    passed      9.44%
  25  E34     6.42%    passed     52.15%
  26  E36     0.18%    passed     25.37%
  27  E37     0.39%    passed     30.92%
  28  E38     0.55%    passed     10.12%
  29  E39     1.51%    failed      0.99%
  30  E4      6.78%    passed     30.91%
  31  E40     0.87%    passed     23.68%
  32  E41     0.76%    failed      3.06%
  33  E42     0.80%    passed     38.98%
  34  E43     1.64%    failed      3.79%
  35  E44     0.75%    passed      7.21%
  36  E45     0.34%    passed     13.84%
  37  E46     1.17%    passed     38.23%
  38  E47     1.09%    passed      9.02%
  39  E48     1.09%    passed     10.03%
  40  E49     1.54%    passed      5.54%
  41  E5      0.11%    passed     30.39%
  42  E50     0.79%    failed      0.09%
  43  E51     0.94%    failed      2.20%
  44  E52     0.99%    passed     14.09%
  45  E53     1.19%    passed      7.42%
  46  E54     1.17%    passed      8.73%
  47  E55     1.80%    passed     80.79%
  48  E56     1.30%    failed      0.69%
  49  E57     0.93%    failed      0.27%
  50  E58     0.81%    failed      1.33%
  51  E59     1.31%    passed      7.26%
  52  E6      0.10%    passed     27.97%
  53  E60     0.65%    passed      7.26%
  54  E61     1.11%    passed     63.91%
  55  E62     1.48%    passed     56.31%
  56  E63     0.53%    passed     17.04%
  57  K1      0.43%    passed     69.67%
  58  K10     0.36%    passed     52.57%
  59  K11     0.59%    passed     56.37%
  60  K12     0.48%    passed     56.61%
  61  K13     0.45%    passed     53.66%
  62  K14     1.29%    passed     58.79%
  63  K15     1.16%    passed      7.07%
  64  K16     0.62%    passed     56.39%
  65  K17     0.75%    passed     68.85%
  66  K18     1.97%    passed     12.13%
  67  K2      2.01%    passed     16.86%
  68  K20     3.27%    failed      0.91%
  69  K21     7.22%    failed      4.26%
  70  K23     2.47%    passed     54.66%
  71  K24     4.08%    passed     48.03%
  72  K25    11.67%    passed     17.02%
  73  K26     1.24%    passed     88.25%
  74  K27     0.42%    passed     56.00%
  75  K28     1.05%    passed     25.19%
  76  K29     1.56%    passed     79.48%
  77  K3      0.57%    passed     55.51%
  78  K30     2.53%    passed     25.10%
  79  K31     2.41%    passed     28.35%
  80  K32     1.02%    passed     26.47%
  81  K33     2.10%    passed     13.75%
  82  K34     1.58%    passed     18.68%
  83  K35     0.45%    passed     59.47%
  84  K36     1.48%    passed     60.25%
  85  K37     0.59%    passed     36.40%
  86  K38     1.26%    passed     48.31%
  87  K39     0.91%    passed     24.77%
  88  K4      1.09%    passed     27.05%
  89  K40     1.26%    passed      7.69%
  90  K41     1.61%    passed     30.15%
  91  K42     9.39%    failed      3.02%
  92  K43     2.38%    passed     17.33%
  93  K44     0.80%    passed     29.78%
  94  K6      8.12%    passed     10.56%
  95  K7      0.48%    passed     10.75%
  96  K8      0.50%    passed     91.64%
  97  K9      2.04%    failed      3.26%
  98  T1      2.39%    passed     25.19%
  99  T10     1.26%    passed     13.31%
 100  T11     4.58%    passed     47.13%
 101  T12     1.16%    failed      1.40%
 102  T13     1.02%    passed     31.91%
 103  T15     6.88%    passed     36.36%
 104  T16     0.80%    passed      7.91%
 105  T17     0.80%    failed      4.87%
 106  T18     5.05%    passed      5.15%
 107  T19     2.44%    passed     55.65%
 108  T2      0.50%    passed     14.44%
 109  T20     1.21%    failed      1.65%
 110  T21     8.49%    failed      0.35%
 111  T22     6.51%    passed      5.42%
 112  T23     3.35%    passed     71.06%
 113  T24     3.35%    passed     76.87%
 114  T25     3.22%    passed     23.57%
 115  T26     1.36%    failed      1.70%
 116  T27     1.02%    failed      2.73%
 117  T29     3.45%    passed     43.39%
 118  T3      0.70%    failed      2.89%
 119  T30     1.16%    passed     71.18%
 120  T31     2.73%    passed     18.52%
 121  T33     3.07%    passed     32.00%
 122  T34     8.97%    passed     44.21%
 123  T35     1.61%    passed     16.63%
 124  T36     0.61%    passed      7.39%
 125  T37     5.31%    passed     13.75%
 126  T38     0.91%    passed      7.73%
 127  T4      0.62%    passed     18.39%
 128  T40     2.33%    passed      9.93%
 129  T41     0.75%    passed      7.01%
 130  T42     0.94%    failed      1.00%
 131  T43     0.96%    passed     10.26%
 132  T44     0.96%    passed      8.52%
 133  T45     4.08%    passed     32.01%
 134  T46     2.69%    passed      9.35%
 135  T47     1.10%    passed     10.60%
 136  T48     0.73%    passed     16.44%
 137  T49     1.05%    passed      9.10%
 138  T5      1.84%    passed     20.55%
 139  T50     0.99%    passed     19.27%
 140  T51     0.61%    passed     24.80%
 141  T52     0.92%    passed     24.31%
 142  T53     1.03%    passed     21.19%
 143  T54     0.75%    passed     30.71%
 144  T55     3.82%    passed     61.94%
 145  T56     1.30%    failed      2.66%
 146  T57     1.32%    passed     23.65%
 147  T58     1.83%    failed      0.10%
 148  T6      2.31%    failed      0.39%
 149  T7      4.02%    passed     45.79%
 150  T8      0.96%    passed     12.22%
 151  T9      2.21%    passed     29.90%
 152  U1      0.39%    passed     96.01%
 153  U10     2.35%    passed     81.91%
 154  U11     0.25%    passed     57.37%
 155  U12     1.50%    passed     59.87%
 156  U13     0.25%    passed     57.35%
 157  U14     0.39%    passed     73.11%
 158  U15     1.08%    passed     56.29%
 159  U16     0.89%    passed     59.17%
 160  U17     1.39%    passed     58.53%
 161  U18     1.24%    passed     52.91%
 162  U19     0.77%    passed     59.46%
 163  U2      0.33%    passed     79.90%
 164  U20     0.94%    passed     19.49%
 165  U21     2.12%    passed     20.57%
 166  U22     1.24%    passed     79.99%
 167  U23     3.55%    passed     48.67%
 168  U24     1.43%    passed     95.63%
 169  U25     4.37%    failed      3.68%
 170  U26     0.35%    passed     17.92%
 171  U27     1.94%    passed     21.53%
 172  U28     0.82%    passed     25.76%
 173  U29     1.93%    passed     27.62%
 174  U3     13.92%    passed     44.15%
 175  U30     2.09%    passed     53.72%
 176  U31     0.33%    passed     47.81%
 177  U32     1.41%    passed     75.20%
 178  U33     0.48%    passed     57.78%
 179  U34     0.52%    passed     18.30%
 180  U35     0.45%    passed     80.55%
 181  U36     2.57%    passed     48.03%
 182  U37     2.37%    passed     87.33%
 183  U38     1.45%    passed     76.83%
 184  U39     7.34%    passed     79.02%
 185  U4      1.90%    passed     62.43%
 186  U40     1.23%    passed     36.71%
 187  U41     0.46%    passed     53.54%
 188  U42     0.60%    passed     52.67%
 189  U43     1.57%    passed     71.82%
 190  U44     2.50%    failed      2.79%
 191  U45     0.63%    passed     61.87%
 192  U46     0.43%    passed     87.74%
 193  U48     0.53%    passed     62.42%
 194  U49     0.65%    passed     60.80%
 195  U5      0.48%    passed     88.39%
 196  U50     0.31%    passed     56.09%
 197  U51     0.40%    passed     63.67%
 198  U52     0.54%    passed     52.55%
 199  U53     0.65%    passed     62.52%
 200  U55     0.43%    passed     23.00%
 201  U56     0.40%    passed     39.09%
 202  U57     0.95%    passed     38.52%
 203  U58     0.59%    passed     58.11%
 204  U6      0.26%    passed     56.49%
 205  U7      1.31%    passed     39.72%
 206  U8      0.32%    passed     26.34%
 207  U9      0.22%    passed     54.37%
 208  UK10    0.82%    passed     75.15%
 209  UK11    1.12%    passed     71.85%
 210  UK12    0.54%    passed     62.99%
 211  UK13    0.41%    passed     23.76%
 212  UK14    1.50%    passed     26.68%
 213  UK15    0.42%    passed     27.75%
 214  UK17    0.52%    passed     24.46%
 215  UK19    0.55%    passed     68.61%
 216  UK2     0.58%    passed     48.45%
 217  UK21    0.45%    passed     79.82%
 218  UK22    0.46%    passed     66.49%
 219  UK24    0.62%    passed     41.70%
 220  UK25    0.72%    passed     25.74%
 221  UK3     2.11%    passed     16.39%
 222  UK4     0.84%    passed     32.89%
 223  UK5     0.78%    passed     19.55%
 224  UK6     0.61%    passed     65.72%
 225  UK7     0.43%    passed     55.13%
 226  UK9     0.40%    passed     60.89%
****  TOTAL    1.62%  29 sequences failed composition chi2 test (p-value<5%; df=3)
NOTE: minimal branch length is reduced to 0.000000573723 for long alignment


Create initial parsimony tree by phylogenetic likelihood library (PLL)... 17.300 seconds
NOTE: ModelFinder requires 11728 MB RAM!
ModelFinder will test 484 DNA models (sample size: 174300) ...
 No. Model         -LnL         df  AIC          AICc         BIC
Measuring multi-threading efficiency up to 8 CPU cores
2 trees examined
Threads: 1 / Time: 22.688 sec / Speedup: 1.000 / Efficiency: 100% / LogL: -30961015
Threads: 2 / Time: 12.132 sec / Speedup: 1.870 / Efficiency: 94% / LogL: -30961015
Threads: 3 / Time: 8.844 sec / Speedup: 2.565 / Efficiency: 86% / LogL: -30961015
Threads: 4 / Time: 7.507 sec / Speedup: 3.022 / Efficiency: 76% / LogL: -30961015
Threads: 5 / Time: 6.253 sec / Speedup: 3.628 / Efficiency: 73% / LogL: -30961015
Threads: 6 / Time: 5.636 sec / Speedup: 4.026 / Efficiency: 67% / LogL: -30961015
Threads: 7 / Time: 5.126 sec / Speedup: 4.426 / Efficiency: 63% / LogL: -30961015
Threads: 8 / Time: 4.906 sec / Speedup: 4.624 / Efficiency: 58% / LogL: -30961015
BEST NUMBER OF THREADS: 7

  1  JC            12454125.917 449 24909149.834 24909152.158 24913670.605
  2  JC+ASC        12454125.888 449 24909149.776 24909152.100 24913670.548
  3  JC+G4         12081942.675 450 24164785.351 24164787.685 24169316.191
  4  JC+ASC+G4     12080998.788 450 24162897.577 24162899.911 24167428.416
  5  JC+R2         12127682.552 451 24256267.104 24256269.449 24260808.012
  6  JC+R3         12085022.867 453 24170951.734 24170954.100 24175512.779
  7  JC+R4         12076099.544 455 24153109.087 24153111.474 24157690.270
  8  JC+R5         12074708.627 457 24150331.253 24150333.661 24154932.573
  9  JC+R6         12074701.958 459 24150321.916 24150324.345 24154943.373
 14  JC+ASC+R2     12127621.649 451 24256145.298 24256147.643 24260686.206
 15  JC+ASC+R3     12083764.249 453 24168434.498 24168436.864 24172995.544
 16  JC+ASC+R4     12074273.269 455 24149456.539 24149458.926 24154037.721
 17  JC+ASC+R5     12072647.939 457 24146209.877 24146212.285 24150811.197
 18  JC+ASC+R6     12072641.280 459 24146200.560 24146202.989 24150822.016
 23  F81+F         12447023.844 452 24894951.688 24894954.044 24899502.665
 24  F81+F+ASC     12447023.813 452 24894951.626 24894953.982 24899502.603
 25  F81+F+G4      12074371.720 453 24149649.441 24149651.807 24154210.486
 26  F81+F+ASC+G4  12073425.140 453 24147756.279 24147758.645 24152317.325
 27  F81+F+R2      12120200.124 454 24241308.248 24241310.625 24245879.362
 28  F81+F+R3      12077487.233 456 24155886.465 24155888.863 24160477.716
 29  F81+F+R4      12068486.322 458 24137888.645 24137891.063 24142500.033
 30  F81+F+R5      12067073.890 460 24135067.781 24135070.221 24139699.306
 31  F81+F+R6      12067073.782 462 24135071.564 24135074.025 24139723.227
 36  F81+F+ASC+R2  12120139.570 454 24241187.141 24241189.517 24245758.255
 37  F81+F+ASC+R3  12076229.690 456 24153371.380 24153373.777 24157962.631
 38  F81+F+ASC+R4  12066655.831 458 24134227.661 24134230.080 24138839.050
 39  F81+F+ASC+R5  12065026.502 460 24130973.003 24130975.443 24135604.528
 40  F81+F+ASC+R6  12065026.476 462 24130976.953 24130979.414 24135628.615
 45  K2P           11871824.259 450 23744548.518 23744550.853 23749079.358
 46  K2P+ASC       11871824.235 450 23744548.470 23744550.805 23749079.310
 47  K2P+G4        11486115.332 451 22973132.664 22973135.009 22977673.572
 48  K2P+ASC+G4    11485158.238 451 22971218.476 22971220.821 22975759.384
 49  K2P+R2        11534978.801 452 23070861.602 23070863.958 23075412.579
 50  K2P+R3        11490265.024 454 22981438.048 22981440.425 22986009.163
 51  K2P+R4        11480166.968 456 22961245.935 22961248.333 22965837.186
 52  K2P+R5        11478454.576 458 22957825.153 22957827.571 22962436.541
 53  K2P+R6        11478454.160 460 22957828.319 22957830.759 22962459.845
 58  K2P+ASC+R2    11534923.330 452 23070750.659 23070753.015 23075301.636
 59  K2P+ASC+R3    11489063.265 454 22979034.531 22979036.907 22983605.645
 60  K2P+ASC+R4    11478382.164 456 22957676.328 22957678.725 22962267.579
 61  K2P+ASC+R5    11476434.693 458 22953785.386 22953787.805 22958396.774
 62  K2P+ASC+R6    11476434.557 460 22953789.114 22953791.553 22958420.639
 67  HKY+F         11860921.615 453 23722749.229 23722751.595 23727310.275
 68  HKY+F+ASC     11860921.585 453 23722749.169 23722751.535 23727310.215
 69  HKY+F+G4      11474031.148 454 22948970.296 22948972.672 22953541.410
 70  HKY+F+ASC+G4  11473061.099 454 22947030.198 22947032.575 22951601.312
 71  HKY+F+R2      11523132.040 455 23047174.080 23047176.467 23051755.263
 72  HKY+F+R3      11478308.999 457 22957531.997 22957534.405 22962133.317
 73  HKY+F+R4      11467966.304 459 22936850.608 22936853.038 22941472.065
 74  HKY+F+R5      11466223.855 461 22933369.710 22933372.160 22938011.303
 75  HKY+F+R6      11466223.827 463 22933373.654 22933376.125 22938035.385
 80  HKY+F+ASC+R2  11523073.826 455 23047057.651 23047060.038 23051638.834
 81  HKY+F+ASC+R3  11477102.093 457 22955118.187 22955120.595 22959719.507
 82  HKY+F+ASC+R4  11466162.021 459 22933242.043 22933244.472 22937863.500
 83  HKY+F+ASC+R5  11464180.186 461 22929282.371 22929284.822 22933923.965
 84  HKY+F+ASC+R6  11464179.406 463 22929284.811 22929287.283 22933946.542
 89  TNe           11871820.027 451 23744542.054 23744544.399 23749082.962
 90  TNe+ASC       11871819.978 451 23744541.956 23744544.301 23749082.864
 91  TNe+G4        11486114.235 452 22973132.471 22973134.826 22977683.448
 92  TNe+ASC+G4    11485157.158 452 22971218.316 22971220.672 22975769.293
 93  TNe+R2        11534974.242 453 23070854.483 23070856.849 23075415.529
 94  TNe+R3        11490263.407 455 22981436.815 22981439.202 22986017.998
 95  TNe+R4        11480165.179 457 22961244.358 22961246.766 22965845.677
 96  TNe+R5        11478454.640 459 22957827.281 22957829.710 22962448.738
 97  TNe+R6        11478454.482 461 22957830.963 22957833.414 22962472.557
102  TNe+ASC+R2    11534919.679 453 23070745.358 23070747.724 23075306.404
103  TNe+ASC+R3    11489061.961 455 22979033.922 22979036.309 22983615.104
104  TNe+ASC+R4    11478380.560 457 22957675.120 22957677.528 22962276.440
105  TNe+ASC+R5    11476434.432 459 22953786.865 22953789.294 22958408.321
106  TNe+ASC+R6    11476434.273 461 22953790.545 22953792.996 22958432.139
111  TN+F          11860916.567 454 23722741.135 23722743.511 23727312.249
112  TN+F+ASC      11860916.527 454 23722741.054 23722743.431 23727312.168
113  TN+F+G4       11474030.063 455 22948970.126 22948972.513 22953551.309
114  TN+F+ASC+G4   11473060.030 455 22947030.059 22947032.446 22951611.242
115  TN+F+R2       11523128.082 456 23047168.163 23047170.561 23051759.414
116  TN+F+R3       11478307.151 458 22957530.301 22957532.720 22962141.689
117  TN+F+R4       11467964.252 460 22936848.505 22936850.944 22941480.030
118  TN+F+R5       11466223.431 462 22933370.863 22933373.324 22938022.525
119  TN+F+R6       11466222.915 464 22933373.831 22933376.313 22938045.630
124  TN+F+ASC+R2   11523069.819 456 23047051.637 23047054.035 23051642.888
125  TN+F+ASC+R3   11477100.268 458 22955116.536 22955118.955 22959727.925
126  TN+F+ASC+R4   11466160.343 460 22933240.685 22933243.125 22937872.210
127  TN+F+ASC+R5   11464178.604 462 22929281.208 22929283.669 22933932.870
128  TN+F+ASC+R6   11464176.534 464 22929281.069 22929283.551 22933952.868
133  K3P           11869335.140 451 23739572.281 23739574.626 23744113.189
134  K3P+ASC       11869335.110 451 23739572.220 23739574.565 23744113.128
135  K3P+G4        11483533.582 452 22967971.163 22967973.519 22972522.140
136  K3P+ASC+G4    11482577.176 452 22966058.352 22966060.707 22970609.329
137  K3P+R2        11532439.214 453 23065784.428 23065786.794 23070345.474
138  K3P+R3        11487704.935 455 22976319.870 22976322.257 22980901.053
139  K3P+R4        11477565.198 457 22956044.395 22956046.803 22960645.715
140  K3P+R5        11475840.869 459 22952599.739 22952602.168 22957221.195
141  K3P+R6        11475840.780 461 22952603.560 22952606.010 22957245.153
146  K3P+ASC+R2    11532384.699 453 23065675.399 23065677.765 23070236.444
147  K3P+ASC+R3    11486505.164 455 22973920.328 22973922.715 22978501.511
148  K3P+ASC+R4    11475782.468 457 22952478.936 22952481.344 22957080.256
149  K3P+ASC+R5    11473820.713 459 22948559.426 22948561.855 22953180.882
150  K3P+ASC+R6    11473820.608 461 22948563.216 22948565.667 22953204.810
155  K3Pu+F        11858190.483 454 23717288.966 23717291.342 23721860.080
156  K3Pu+F+ASC    11858190.450 454 23717288.901 23717291.277 23721860.015
157  K3Pu+F+G4     11471127.631 455 22943165.261 22943167.648 22947746.444
158  K3Pu+F+ASC+G4 11470157.387 455 22941224.773 22941227.160 22945805.956
159  K3Pu+F+R2     11520300.584 456 23041513.167 23041515.565 23046104.418
160  K3Pu+F+R3     11475445.552 458 22951807.104 22951809.523 22956418.493
161  K3Pu+F+R4     11465016.800 460 22930953.599 22930956.039 22935585.125
162  K3Pu+F+R5     11463245.223 462 22927414.445 22927416.906 22932066.108
163  K3Pu+F+R6     11463244.927 464 22927417.854 22927420.336 22932089.653
168  K3Pu+F+ASC+R2 11520242.056 456 23041396.112 23041398.509 23045987.363
169  K3Pu+F+ASC+R3 11474240.248 458 22949396.496 22949398.915 22954007.885
170  K3Pu+F+ASC+R4 11463214.583 460 22927349.167 22927351.607 22931980.692
171  K3Pu+F+ASC+R5 11461198.659 462 22923321.319 22923323.780 22927972.981
172  K3Pu+F+ASC+R6 11461198.614 464 22923325.229 22923327.711 22927997.028
177  TPM2+F        11858669.046 454 23718246.092 23718248.468 23722817.206
178  TPM2+F+ASC    11858668.995 454 23718245.989 23718248.366 23722817.103
179  TPM2+F+G4     11472014.508 455 22944939.016 22944941.403 22949520.199
180  TPM2+F+ASC+G4 11471049.743 455 22943009.486 22943011.873 22947590.669
181  TPM2+F+R2     11521047.600 456 23043007.200 23043009.598 23047598.451
182  TPM2+F+R3     11476256.344 458 22953428.689 22953431.107 22958040.077
183  TPM2+F+R4     11465963.773 460 22932847.545 22932849.985 22937479.071
184  TPM2+F+R5     11464242.452 462 22929408.904 22929411.365 22934060.567
185  TPM2+F+R6     11464241.950 464 22929411.900 22929414.383 22934083.700
190  TPM2+F+ASC+R2 11520990.917 456 23042893.835 23042896.232 23047485.086
191  TPM2+F+ASC+R3 11475049.997 458 22951015.995 22951018.413 22955627.383
192  TPM2+F+ASC+R4 11464167.223 460 22929254.446 22929256.886 22933885.971
193  TPM2+F+ASC+R5 11462207.369 462 22925338.739 22925341.200 22929990.401
194  TPM2+F+ASC+R6 11462207.252 464 22925342.504 22925344.987 22930014.304
199  TPM2u+F       11858668.755 454 23718245.509 23718247.886 23722816.623
200  TPM2u+F+ASC   11858668.655 454 23718245.310 23718247.686 23722816.424
201  TPM2u+F+G4    11472014.167 455 22944938.335 22944940.722 22949519.517
202  TPM2u+F+ASC+G4 11471049.406 455 22943008.812 22943011.199 22947589.994
203  TPM2u+F+R2    11521047.245 456 23043006.490 23043008.888 23047597.741
204  TPM2u+F+R3    11476256.251 458 22953428.501 22953430.920 22958039.890
205  TPM2u+F+R4    11465963.557 460 22932847.114 22932849.554 22937478.640
206  TPM2u+F+R5    11464241.494 462 22929406.988 22929409.449 22934058.651
207  TPM2u+F+R6    11464241.453 464 22929410.907 22929413.389 22934082.706
212  TPM2u+F+ASC+R2 11520990.582 456 23042893.164 23042895.561 23047484.415
213  TPM2u+F+ASC+R3 11475049.659 458 22951015.318 22951017.737 22955626.706
214  TPM2u+F+ASC+R4 11464166.464 460 22929252.928 22929255.368 22933884.453
215  TPM2u+F+ASC+R5 11462207.707 462 22925339.414 22925341.875 22929991.077
216  TPM2u+F+ASC+R6 11462206.599 464 22925341.199 22925343.681 22930012.998
221  TPM3+F        11858344.886 454 23717597.772 23717600.148 23722168.886
222  TPM3+F+ASC    11858344.854 454 23717597.707 23717600.084 23722168.821
223  TPM3+F+G4     11471682.937 455 22944275.873 22944278.260 22948857.056
224  TPM3+F+ASC+G4 11470717.692 455 22942345.385 22942347.771 22946926.567
225  TPM3+F+R2     11520768.396 456 23042448.792 23042451.189 23047040.043
226  TPM3+F+R3     11475922.667 458 22952761.334 22952763.752 22957372.722
227  TPM3+F+R4     11465694.087 460 22932308.173 22932310.613 22936939.699
228  TPM3+F+R5     11463948.202 462 22928820.403 22928822.864 22933472.066
229  TPM3+F+R6     11463947.744 464 22928823.488 22928825.970 22933495.287
234  TPM3+F+ASC+R2 11520711.754 456 23042335.507 23042337.905 23046926.759
235  TPM3+F+ASC+R3 11474721.227 458 22950358.455 22950360.873 22954969.843
236  TPM3+F+ASC+R4 11463898.412 460 22928716.823 22928719.263 22933348.349
237  TPM3+F+ASC+R5 11461913.101 462 22924750.201 22924752.662 22929401.863
238  TPM3+F+ASC+R6 11461912.966 464 22924753.931 22924756.414 22929425.731
243  TPM3u+F       11858344.638 454 23717597.276 23717599.653 23722168.390
244  TPM3u+F+ASC   11858344.560 454 23717597.120 23717599.497 23722168.234
245  TPM3u+F+G4    11471682.657 455 22944275.313 22944277.700 22948856.496
246  TPM3u+F+ASC+G4 11470717.414 455 22942344.828 22942347.215 22946926.011
247  TPM3u+F+R2    11520768.130 456 23042448.261 23042450.658 23047039.512
248  TPM3u+F+R3    11475922.662 458 22952761.324 22952763.742 22957372.712
249  TPM3u+F+R4    11465693.928 460 22932307.856 22932310.296 22936939.381
250  TPM3u+F+R5    11463947.907 462 22928819.814 22928822.275 22933471.477
251  TPM3u+F+R6    11463947.598 464 22928823.196 22928825.679 22933494.996
256  TPM3u+F+ASC+R2 11520711.502 456 23042335.004 23042337.401 23046926.255
257  TPM3u+F+ASC+R3 11474720.974 458 22950357.948 22950360.366 22954969.336
258  TPM3u+F+ASC+R4 11463898.303 460 22928716.607 22928719.046 22933348.132
259  TPM3u+F+ASC+R5 11461913.239 462 22924750.477 22924752.938 22929402.140
260  TPM3u+F+ASC+R6 11461912.701 464 22924753.401 22924755.884 22929425.201
265  TIMe          11869330.578 452 23739565.156 23739567.512 23744116.133
266  TIMe+ASC      11869330.217 452 23739564.434 23739566.790 23744115.411
267  TIMe+G4       11483531.612 453 22967969.223 22967971.589 22972530.269
268  TIMe+ASC+G4   11482575.160 453 22966056.320 22966058.686 22970617.366
269  TIMe+R2       11532435.350 454 23065778.700 23065781.077 23070349.814
270  TIMe+R3       11487702.646 456 22976317.292 22976319.690 22980908.543
271  TIMe+R4       11477562.557 458 22956041.114 22956043.532 22960652.502
272  TIMe+R5       11475838.754 460 22952597.508 22952599.948 22957229.034
273  TIMe+R6       11475838.712 462 22952601.425 22952603.886 22957253.087
278  TIMe+ASC+R2   11532380.490 454 23065668.980 23065671.356 23070240.094
279  TIMe+ASC+R3   11486502.788 456 22973917.577 22973919.974 22978508.828
280  TIMe+ASC+R4   11475779.647 458 22952475.295 22952477.713 22957086.683
281  TIMe+ASC+R5   11473819.314 460 22948558.627 22948561.067 22953190.153
282  TIMe+ASC+R6   11473819.137 462 22948562.274 22948564.735 22953213.936
287  TIM+F         11858184.549 455 23717279.098 23717281.485 23721860.281
288  TIM+F+ASC     11858184.432 455 23717278.864 23717281.251 23721860.046
289  TIM+F+G4      11471125.441 456 22943162.882 22943165.280 22947754.134
290  TIM+F+ASC+G4  11470155.205 456 22941222.409 22941224.807 22945813.660
291  TIM+F+R2      11520295.540 457 23041505.079 23041507.487 23046106.399
292  TIM+F+R3      11475442.608 459 22951803.217 22951805.646 22956424.674
293  TIM+F+R4      11465013.974 461 22930949.947 22930952.397 22935591.541
294  TIM+F+R5      11463242.779 463 22927411.559 22927414.030 22932073.290
295  TIM+F+R6      11463242.477 465 22927414.955 22927417.448 22932096.823
300  TIM+F+ASC+R2  11520237.386 457 23041388.772 23041391.180 23045990.092
301  TIM+F+ASC+R3  11474237.300 459 22949392.600 22949395.029 22954014.057
302  TIM+F+ASC+R4  11463211.457 461 22927344.915 22927347.365 22931986.509
303  TIM+F+ASC+R5  11461196.485 463 22923318.971 22923321.443 22927980.702
304  TIM+F+ASC+R6  11461196.331 465 22923322.662 22923325.155 22928004.530
309  TIM2e         11867449.136 452 23735802.272 23735804.627 23740353.249
310  TIM2e+ASC     11867449.059 452 23735802.118 23735804.473 23740353.095
311  TIM2e+G4      11481265.048 453 22963436.097 22963438.463 22967997.142
312  TIM2e+ASC+G4  11480298.010 453 22961502.019 22961504.386 22966063.065
313  TIM2e+R2      11530223.191 454 23061354.381 23061356.758 23065925.495
314  TIM2e+R3      11485491.094 456 22971894.189 22971896.586 22976485.440
315  TIM2e+R4      11475270.799 458 22951457.598 22951460.016 22956068.986
316  TIM2e+R5      11473553.974 460 22948027.947 22948030.387 22952659.472
317  TIM2e+R6      11473553.918 462 22948031.835 22948034.296 22952683.498
322  TIM2e+ASC+R2  11530167.328 454 23061242.655 23061245.032 23065813.769
323  TIM2e+ASC+R3  11484281.262 456 22969474.525 22969476.922 22974065.776
324  TIM2e+ASC+R4  11473475.699 458 22947867.397 22947869.816 22952478.786
325  TIM2e+ASC+R5  11471523.376 460 22943966.753 22943969.192 22948598.278
326  TIM2e+ASC+R6  11471523.251 462 22943970.503 22943972.964 22948622.165
331  TIM2+F        11858662.437 455 23718234.875 23718237.262 23722816.057
332  TIM2+F+ASC    11858662.408 455 23718234.817 23718237.204 23722815.999
333  TIM2+F+G4     11472012.400 456 22944936.800 22944939.198 22949528.051
334  TIM2+F+ASC+G4 11471047.613 456 22943007.227 22943009.624 22947598.478
335  TIM2+F+R2     11521042.357 457 23042998.715 23043001.123 23047600.034
336  TIM2+F+R3     11476253.721 459 22953425.443 22953427.872 22958046.900
337  TIM2+F+R4     11465961.407 461 22932844.813 22932847.264 22937486.407
338  TIM2+F+R5     11464240.074 463 22929406.147 22929408.619 22934067.878
339  TIM2+F+R6     11464239.767 465 22929409.534 22929412.027 22934091.402
344  TIM2+F+ASC+R2 11520985.612 457 23042885.225 23042887.633 23047486.544
345  TIM2+F+ASC+R3 11475047.416 459 22951012.832 22951015.261 22955634.289
346  TIM2+F+ASC+R4 11464164.786 461 22929251.571 22929254.022 22933893.165
347  TIM2+F+ASC+R5 11462206.181 463 22925338.362 22925340.834 22930000.093
348  TIM2+F+ASC+R6 11462205.896 465 22925341.792 22925344.285 22930023.660
353  TIM3e         11866905.290 452 23734714.581 23734716.936 23739265.558
354  TIM3e+ASC     11866905.257 452 23734714.513 23734716.869 23739265.491
355  TIM3e+G4      11480609.076 453 22962124.151 22962126.517 22966685.197
356  TIM3e+ASC+G4  11479639.162 453 22960184.324 22960186.690 22964745.369
357  TIM3e+R2      11529668.904 454 23060245.808 23060248.184 23064816.922
358  TIM3e+R3      11484851.599 456 22970615.199 22970617.596 22975206.450
359  TIM3e+R4      11474709.623 458 22950335.245 22950337.664 22954946.634
360  TIM3e+R5      11472942.583 460 22946805.165 22946807.605 22951436.691
361  TIM3e+R6      11472942.396 462 22946808.793 22946811.254 22951460.455
366  TIM3e+ASC+R2  11529612.650 454 23060133.299 23060135.676 23064704.414
367  TIM3e+ASC+R3  11483648.669 456 22968209.339 22968211.736 22972800.590
368  TIM3e+ASC+R4  11472911.924 458 22946739.848 22946742.266 22951351.236
369  TIM3e+ASC+R5  11470906.097 460 22942732.193 22942734.633 22947363.718
370  TIM3e+ASC+R6  11470905.976 462 22942735.952 22942738.413 22947387.614
375  TIM3+F        11858339.636 455 23717589.273 23717591.660 23722170.455
376  TIM3+F+ASC    11858339.589 455 23717589.177 23717591.564 23722170.360
377  TIM3+F+G4     11471680.035 456 22944272.070 22944274.467 22948863.321
378  TIM3+F+ASC+G4 11470714.734 456 22942341.467 22942343.865 22946932.718
379  TIM3+F+R2     11520763.108 457 23042440.217 23042442.625 23047041.537
380  TIM3+F+R3     11475919.430 459 22952756.859 22952759.288 22957378.316
381  TIM3+F+R4     11465690.244 461 22932302.487 22932304.938 22936944.081
382  TIM3+F+R5     11463945.187 463 22928816.374 22928818.846 22933478.105
383  TIM3+F+R6     11463944.899 465 22928819.797 22928822.290 22933501.665
388  TIM3+F+ASC+R2 11520706.508 457 23042327.016 23042329.424 23046928.336
389  TIM3+F+ASC+R3 11474717.837 459 22950353.673 22950356.103 22954975.130
390  TIM3+F+ASC+R4 11463894.751 461 22928711.501 22928713.952 22933353.095
391  TIM3+F+ASC+R5 11461910.769 463 22924747.538 22924750.009 22929409.269
392  TIM3+F+ASC+R6 11461910.452 465 22924750.905 22924753.398 22929432.773
397  TVMe          11858598.006 453 23718102.013 23718104.379 23722663.058
398  TVMe+ASC      11858597.966 453 23718101.932 23718104.298 23722662.977
399  TVMe+G4       11471688.812 454 22944285.624 22944288.000 22948856.738
400  TVMe+ASC+G4   11470709.916 454 22942327.833 22942330.209 22946898.947
401  TVMe+R2       11520902.602 455 23042715.205 23042717.592 23047296.387
402  TVMe+R3       11476041.070 457 22952996.139 22952998.547 22957597.459
403  TVMe+R4       11465711.266 459 22932340.532 22932342.961 22936961.989
404  TVMe+R5       11463905.701 461 22928733.401 22928735.852 22933374.995
405  TVMe+R6       11463905.592 463 22928737.183 22928739.655 22933398.914
410  TVMe+ASC+R2   11520845.098 455 23042600.196 23042602.583 23047181.378
411  TVMe+ASC+R3   11474830.947 457 22950575.893 22950578.301 22955177.213
412  TVMe+ASC+R4   11463906.496 459 22928730.992 22928733.421 22933352.448
413  TVMe+ASC+R5   11461858.617 461 22924639.234 22924641.685 22929280.828
414  TVMe+ASC+R6   11461858.148 463 22924642.296 22924644.767 22929304.026
419  TVM+F         11852045.641 456 23705003.283 23705005.680 23709594.534
420  TVM+F+ASC     11852045.578 456 23705003.155 23705005.553 23709594.407
421  TVM+F+G4      11465533.762 457 22931981.524 22931983.932 22936582.843
422  TVM+F+ASC+G4  11464573.705 457 22930061.409 22930063.817 22934662.729
423  TVM+F+R2      11514594.533 458 23030105.067 23030107.485 23034716.455
424  TVM+F+R3      11469761.274 460 22940442.549 22940444.989 22945074.074
425  TVM+F+R4      11459533.515 462 22919991.031 22919993.492 22924642.693
426  TVM+F+R5      11457789.035 464 22916506.070 22916508.553 22921177.870
427  TVM+F+R6      11457788.933 466 22916509.867 22916512.370 22921201.803
432  TVM+F+ASC+R2  11514540.304 458 23029996.608 23029999.026 23034607.996
433  TVM+F+ASC+R3  11468561.586 460 22938043.171 22938045.611 22942674.696
434  TVM+F+ASC+R4  11457746.960 462 22916417.921 22916420.382 22921069.583
435  TVM+F+ASC+R5  11455764.144 464 22912456.288 22912458.771 22917128.088
436  TVM+F+ASC+R6  11455764.047 466 22912460.093 22912462.597 22917152.030
441  SYM           11858594.128 454 23718096.256 23718098.633 23722667.371
442  SYM+ASC       11858594.099 454 23718096.197 23718098.574 23722667.311
443  SYM+G4        11471688.267 455 22944286.535 22944288.922 22948867.717
444  SYM+ASC+G4    11470709.395 455 22942328.789 22942331.176 22946909.972
445  SYM+R2        11520900.092 456 23042712.184 23042714.581 23047303.435
446  SYM+R3        11476040.047 458 22952996.094 22952998.512 22957607.482
447  SYM+R4        11465710.471 460 22932340.942 22932343.382 22936972.468
448  SYM+R5        11463905.638 462 22928735.276 22928737.737 22933386.938
449  SYM+R6        11463905.488 464 22928738.976 22928741.459 22933410.776
454  SYM+ASC+R2    11520841.678 456 23042595.357 23042597.754 23047186.608
455  SYM+ASC+R3    11474830.431 458 22950576.862 22950579.281 22955188.250
456  SYM+ASC+R4    11463905.642 460 22928731.284 22928733.724 22933362.809
457  SYM+ASC+R5    11461857.987 462 22924639.973 22924642.434 22929291.635
458  SYM+ASC+R6    11461857.015 464 22924642.029 22924644.512 22929313.829
463  GTR+F         11852040.483 457 23704994.966 23704997.374 23709596.286
464  GTR+F+ASC     11852040.458 457 23704994.916 23704997.324 23709596.235
465  GTR+F+G4      11465531.872 458 22931979.744 22931982.162 22936591.132
466  GTR+F+ASC+G4  11464572.749 458 22930061.499 22930063.917 22934672.887
467  GTR+F+R2      11514595.131 459 23030108.262 23030110.691 23034729.719
468  GTR+F+R3      11469759.161 461 22940440.323 22940442.773 22945081.916
469  GTR+F+R4      11459531.886 463 22919989.771 22919992.243 22924651.502
470  GTR+F+R5      11457788.077 465 22916506.153 22916508.647 22921188.021
471  GTR+F+R6      11457788.032 467 22916510.064 22916512.579 22921212.069
476  GTR+F+ASC+R2  11514537.497 459 23029992.994 23029995.423 23034614.450
477  GTR+F+ASC+R3  11468559.752 461 22938041.503 22938043.954 22942683.097
478  GTR+F+ASC+R4  11457745.481 463 22916416.963 22916419.434 22921078.694
479  GTR+F+ASC+R5  11455763.506 465 22912457.013 22912459.506 22917138.881
480  GTR+F+ASC+R6  11455763.218 467 22912460.435 22912462.950 22917162.440
Akaike Information Criterion:           TVM+F+ASC+R5
Corrected Akaike Information Criterion: TVM+F+ASC+R5
Bayesian Information Criterion:         TVM+F+ASC+R5
Best-fit model: TVM+F+ASC+R5 chosen according to BIC

All model information printed to phlip_new_fasta.phy.model.gz
CPU time for ModelFinder: 647308.818 seconds (179h:48m:28s)
Wall-clock time for ModelFinder: 98419.645 seconds (27h:20m:19s)
Generating 1000 samples for ultrafast bootstrap (seed: 751228)...

NOTE: 6154 MB RAM (6 GB) is required!
Measuring multi-threading efficiency up to 8 CPU cores
2 trees examined
Threads: 1 / Time: 53.145 sec / Speedup: 1.000 / Efficiency: 100% / LogL: -29265512
Threads: 2 / Time: 30.341 sec / Speedup: 1.752 / Efficiency: 88% / LogL: -29265512
Threads: 3 / Time: 23.007 sec / Speedup: 2.310 / Efficiency: 77% / LogL: -29265512
Threads: 4 / Time: 19.491 sec / Speedup: 2.727 / Efficiency: 68% / LogL: -29265512
Threads: 5 / Time: 16.795 sec / Speedup: 3.164 / Efficiency: 63% / LogL: -29265512
Threads: 6 / Time: 15.388 sec / Speedup: 3.454 / Efficiency: 58% / LogL: -29265512
Threads: 7 / Time: 14.524 sec / Speedup: 3.659 / Efficiency: 52% / LogL: -29265512
Threads: 8 / Time: 13.737 sec / Speedup: 3.869 / Efficiency: 48% / LogL: -29265512
BEST NUMBER OF THREADS: 7

Estimate model parameters (epsilon = 0.100)
1. Initial log-likelihood: -12089659.387
2. Current log-likelihood: -11460287.860
3. Current log-likelihood: -11457452.317
4. Current log-likelihood: -11457296.693
5. Current log-likelihood: -11457165.263
6. Current log-likelihood: -11457045.775
7. Current log-likelihood: -11456974.273
8. Current log-likelihood: -11456905.995
9. Current log-likelihood: -11456848.847
10. Current log-likelihood: -11456787.512
11. Current log-likelihood: -11456685.769
12. Current log-likelihood: -11456601.194
13. Current log-likelihood: -11456551.294
14. Current log-likelihood: -11456497.569
15. Current log-likelihood: -11456452.532
16. Current log-likelihood: -11456412.068
17. Current log-likelihood: -11456376.659
18. Current log-likelihood: -11456348.178
19. Current log-likelihood: -11456326.776
20. Current log-likelihood: -11456281.259
21. Current log-likelihood: -11456207.910
22. Current log-likelihood: -11456172.990
23. Current log-likelihood: -11456149.728
24. Current log-likelihood: -11456136.937
25. Current log-likelihood: -11456116.026
26. Current log-likelihood: -11456072.150
27. Current log-likelihood: -11456062.477
28. Current log-likelihood: -11456047.286
29. Current log-likelihood: -11456029.021
30. Current log-likelihood: -11456019.221
31. Current log-likelihood: -11455983.861
32. Current log-likelihood: -11455965.042
33. Current log-likelihood: -11455956.529
34. Current log-likelihood: -11455948.019
35. Current log-likelihood: -11455944.992
36. Current log-likelihood: -11455936.869
37. Current log-likelihood: -11455934.095
38. Current log-likelihood: -11455927.857
39. Current log-likelihood: -11455925.707
40. Current log-likelihood: -11455921.174
41. Current log-likelihood: -11455916.403
42. Current log-likelihood: -11455906.165
43. Current log-likelihood: -11455896.719
44. Current log-likelihood: -11455891.490
45. Current log-likelihood: -11455887.547
46. Current log-likelihood: -11455879.445
47. Current log-likelihood: -11455874.341
48. Current log-likelihood: -11455870.140
49. Current log-likelihood: -11455866.271
50. Current log-likelihood: -11455861.196
51. Current log-likelihood: -11455859.045
52. Current log-likelihood: -11455856.213
53. Current log-likelihood: -11455854.415
54. Current log-likelihood: -11455851.861
55. Current log-likelihood: -11455850.375
56. Current log-likelihood: -11455848.077
57. Current log-likelihood: -11455846.608
58. Current log-likelihood: -11455844.226
59. Current log-likelihood: -11455842.669
60. Current log-likelihood: -11455840.606
61. Current log-likelihood: -11455839.330
62. Current log-likelihood: -11455837.271
63. Current log-likelihood: -11455835.974
64. Current log-likelihood: -11455833.768
65. Current log-likelihood: -11455832.354
66. Current log-likelihood: -11455830.566
67. Current log-likelihood: -11455829.480
68. Current log-likelihood: -11455827.864
69. Current log-likelihood: -11455826.674
70. Current log-likelihood: -11455825.046
71. Current log-likelihood: -11455823.979
72. Current log-likelihood: -11455822.257
73. Current log-likelihood: -11455821.219
74. Current log-likelihood: -11455819.681
75. Current log-likelihood: -11455818.596
76. Current log-likelihood: -11455817.287
77. Current log-likelihood: -11455816.422
78. Current log-likelihood: -11455815.001
79. Current log-likelihood: -11455813.969
80. Current log-likelihood: -11455812.614
81. Current log-likelihood: -11455811.749
82. Current log-likelihood: -11455810.524
83. Current log-likelihood: -11455809.729
84. Current log-likelihood: -11455808.336
85. Current log-likelihood: -11455807.337
86. Current log-likelihood: -11455806.150
87. Current log-likelihood: -11455805.418
88. Current log-likelihood: -11455804.319
89. Current log-likelihood: -11455803.521
90. Current log-likelihood: -11455802.351
91. Current log-likelihood: -11455801.608
92. Current log-likelihood: -11455800.492
93. Current log-likelihood: -11455799.691
94. Current log-likelihood: -11455798.695
95. Current log-likelihood: -11455798.070
96. Current log-likelihood: -11455797.031
97. Current log-likelihood: -11455796.265
98. Current log-likelihood: -11455795.194
99. Current log-likelihood: -11455794.544
Optimal log-likelihood: -11455794.544
Rate parameters:  A-C: 1.00962  A-G: 4.02297  A-T: 0.64353  C-G: 0.96461  C-T: 4.02297  G-T: 1.00000
Base frequencies:  A: 0.234  C: 0.267  G: 0.266  T: 0.233
Site proportion and rates:  (0.174,0.147) (0.312,0.554) (0.231,1.089) (0.238,1.792) (0.045,2.756)
Parameters optimization took 99 rounds (5643.465 sec)
Computing ML distances based on estimated model parameters... 357.551 sec
Computing BIONJ tree...
0.046 seconds
Log-likelihood of BIONJ tree: -11797139.783
--------------------------------------------------------------------
|             INITIALIZING CANDIDATE TREE SET                      |
--------------------------------------------------------------------
Generating 98 parsimony trees... 1499.376 second
Computing log-likelihood of 98 initial trees ... 1263.214 seconds
Current best score: -11438875.639

Do NNI search on 20 best initial trees
Estimate model parameters (epsilon = 0.100)
BETTER TREE FOUND at iteration 1: -11433210.081
Iteration 10 / LogL: -11436485.013 / Time: 3h:13m:47s
Estimate model parameters (epsilon = 0.100)
BETTER TREE FOUND at iteration 19: -11431480.439
Iteration 20 / LogL: -11441938.647 / Time: 3h:46m:25s
Finish initializing candidate tree set (20)
Current best tree score: -11431480.439 / CPU time: 7618.498
Number of iterations: 20
--------------------------------------------------------------------
|               OPTIMIZING CANDIDATE TREE SET                      |
--------------------------------------------------------------------
Iteration 30 / LogL: -11438986.231 / Time: 4h:12m:6s (12h:53m:42s left)
Iteration 40 / LogL: -11431731.012 / Time: 4h:38m:37s (9h:24m:24s left)
Estimate model parameters (epsilon = 0.100)
BETTER TREE FOUND at iteration 45: -11431298.354
Estimate model parameters (epsilon = 0.100)
BETTER TREE FOUND at iteration 47: -11431269.479
Iteration 50 / LogL: -11437680.344 / Time: 5h:12m:38s (10h:18m:53s left)
Log-likelihood cutoff on original alignment: -11434402.691
Estimate model parameters (epsilon = 0.100)
BETTER TREE FOUND at iteration 60: -11430527.488
Iteration 60 / LogL: -11430527.488 / Time: 5h:43m:56s (9h:42m:56s left)
Iteration 70 / LogL: -11438109.366 / Time: 6h:9m:1s (8h:1m:19s left)
Iteration 80 / LogL: -11440869.400 / Time: 6h:34m:57s (6h:39m:57s left)
Iteration 90 / LogL: -11444161.534 / Time: 7h:0m:15s (5h:30m:32s left)
Iteration 100 / LogL: -11430533.810 / Time: 7h:26m:32s (4h:30m:38s left)
Log-likelihood cutoff on original alignment: -11433284.751
NOTE: Bootstrap correlation coefficient of split occurrence frequencies: 0.962
NOTE: UFBoot does not converge, continue at least 100 more iterations
Estimate model parameters (epsilon = 0.100)
BETTER TREE FOUND at iteration 101: -11430276.428
Estimate model parameters (epsilon = 0.100)
BETTER TREE FOUND at iteration 107: -11430188.077
Iteration 110 / LogL: -11430778.040 / Time: 7h:59m:43s (7h:6m:54s left)
Iteration 120 / LogL: -11439051.891 / Time: 8h:25m:54s (6h:9m:51s left)
Iteration 130 / LogL: -11431590.503 / Time: 8h:51m:40s (5h:17m:21s left)
Iteration 140 / LogL: -11432120.142 / Time: 9h:17m:10s (4h:28m:33s left)
Iteration 150 / LogL: -11432940.472 / Time: 9h:42m:4s (3h:42m:40s left)
Log-likelihood cutoff on original alignment: -11433282.209
Iteration 160 / LogL: -11432051.340 / Time: 10h:7m:11s (2h:59m:29s left)
Iteration 170 / LogL: -11432958.847 / Time: 10h:34m:25s (2h:18m:53s left)
Estimate model parameters (epsilon = 0.100)
BETTER TREE FOUND at iteration 175: -11429620.615
Estimate model parameters (epsilon = 0.100)
BETTER TREE FOUND at iteration 176: -11428605.953
Iteration 180 / LogL: -11430345.686 / Time: 11h:4m:57s (5h:56m:37s left)
Iteration 190 / LogL: -11444960.181 / Time: 11h:30m:9s (5h:14m:2s left)
Iteration 200 / LogL: -11430240.283 / Time: 11h:55m:3s (4h:33m:5s left)
Log-likelihood cutoff on original alignment: -11430519.071
NOTE: Bootstrap correlation coefficient of split occurrence frequencies: 0.835
NOTE: UFBoot does not converge, continue at least 100 more iterations
Iteration 210 / LogL: -11434881.177 / Time: 12h:19m:39s (5h:18m:30s left)
Iteration 220 / LogL: -11436553.424 / Time: 12h:44m:29s (4h:39m:15s left)
Iteration 230 / LogL: -11435683.796 / Time: 13h:10m:52s (4h:1m:45s left)
Iteration 240 / LogL: -11434720.131 / Time: 13h:36m:0s (3h:24m:51s left)
Iteration 250 / LogL: -11433052.340 / Time: 14h:2m:5s (2h:49m:5s left)
Log-likelihood cutoff on original alignment: -11430519.071
Iteration 260 / LogL: -11431778.168 / Time: 14h:27m:35s (2h:13m:59s left)
Iteration 270 / LogL: -11436233.039 / Time: 14h:52m:41s (1h:39m:33s left)
Iteration 280 / LogL: -11434093.510 / Time: 15h:19m:31s (1h:5m:54s left)
Iteration 290 / LogL: -11430528.751 / Time: 15h:43m:54s (0h:32m:39s left)
Estimate model parameters (epsilon = 0.100)
BETTER TREE FOUND at iteration 295: -11428549.078
Iteration 300 / LogL: -11430557.482 / Time: 16h:12m:11s (5h:8m:53s left)
Log-likelihood cutoff on original alignment: -11430519.070
NOTE: Bootstrap correlation coefficient of split occurrence frequencies: 0.858
NOTE: UFBoot does not converge, continue at least 100 more iterations
Iteration 310 / LogL: -11441094.920 / Time: 16h:38m:28s (4h:50m:49s left)
Estimate model parameters (epsilon = 0.100)
BETTER TREE FOUND at iteration 319: -11428135.579
Iteration 320 / LogL: -11439489.733 / Time: 17h:8m:41s (5h:19m:14s left)
Iteration 330 / LogL: -11429262.643 / Time: 17h:34m:30s (4h:45m:15s left)
Estimate model parameters (epsilon = 0.100)
BETTER TREE FOUND at iteration 335: -11427810.805
Iteration 340 / LogL: -11430990.051 / Time: 18h:4m:25s (5h:3m:53s left)
Iteration 350 / LogL: -11446025.667 / Time: 18h:31m:31s (4h:30m:42s left)
Log-likelihood cutoff on original alignment: -11428306.650
Iteration 360 / LogL: -11432080.377 / Time: 18h:57m:5s (3h:57m:33s left)
Estimate model parameters (epsilon = 0.100)
BETTER TREE FOUND at iteration 363: -11427542.420
Iteration 370 / LogL: -11429729.889 / Time: 19h:25m:37s (4h:53m:46s left)
Iteration 380 / LogL: -11432920.559 / Time: 19h:50m:49s (4h:20m:47s left)
Iteration 390 / LogL: -11430818.094 / Time: 20h:16m:26s (3h:48m:16s left)
Iteration 400 / LogL: -11431351.650 / Time: 20h:41m:51s (3h:16m:4s left)
Log-likelihood cutoff on original alignment: -11428274.619
NOTE: Bootstrap correlation coefficient of split occurrence frequencies: 0.824
NOTE: UFBoot does not converge, continue at least 100 more iterations
Iteration 410 / LogL: -11429246.504 / Time: 21h:7m:45s (4h:38m:58s left)
Iteration 420 / LogL: -11429795.123 / Time: 21h:33m:51s (4h:7m:2s left)
Iteration 430 / LogL: -11432975.644 / Time: 22h:0m:42s (3h:35m:29s left)
Iteration 440 / LogL: -11432906.599 / Time: 22h:30m:27s (3h:4m:34s left)
Iteration 450 / LogL: -11431916.492 / Time: 22h:57m:57s (2h:33m:26s left)
Log-likelihood cutoff on original alignment: -11428274.619
Iteration 460 / LogL: -11434293.546 / Time: 23h:24m:27s (2h:2m:23s left)
Iteration 470 / LogL: -11432799.609 / Time: 23h:52m:28s (1h:31m:37s left)
Estimate model parameters (epsilon = 0.100)
BETTER TREE FOUND at iteration 474: -11427516.305
Iteration 480 / LogL: -11433730.148 / Time: 24h:24m:23s (4h:47m:22s left)
Iteration 490 / LogL: -11430429.437 / Time: 24h:52m:49s (4h:16m:26s left)
Iteration 500 / LogL: -11428485.194 / Time: 25h:20m:5s (3h:45m:25s left)
Log-likelihood cutoff on original alignment: -11428274.619
NOTE: Bootstrap correlation coefficient of split occurrence frequencies: 0.883
NOTE: UFBoot does not converge, continue at least 100 more iterations
Iteration 510 / LogL: -11436167.906 / Time: 25h:47m:56s (4h:33m:42s left)
Iteration 520 / LogL: -11433203.581 / Time: 26h:15m:0s (4h:2m:46s left)
Iteration 530 / LogL: -11438068.704 / Time: 26h:41m:52s (3h:31m:58s left)
Iteration 540 / LogL: -11430754.379 / Time: 27h:10m:4s (3h:1m:27s left)
Iteration 550 / LogL: -11430345.209 / Time: 27h:38m:19s (2h:31m:1s left)
Log-likelihood cutoff on original alignment: -11428274.619
Iteration 560 / LogL: -11431448.123 / Time: 28h:6m:14s (2h:0m:39s left)
Iteration 570 / LogL: -11427968.073 / Time: 28h:31m:34s (1h:30m:14s left)
Iteration 580 / LogL: -11435021.239 / Time: 28h:56m:40s (0h:59m:59s left)
Iteration 590 / LogL: -11431769.927 / Time: 29h:21m:1s (0h:29m:53s left)
Iteration 600 / LogL: -11445567.879 / Time: 29h:45m:46s (0h:0m:0s left)
Log-likelihood cutoff on original alignment: -11428274.619
NOTE: Bootstrap correlation coefficient of split occurrence frequencies: 0.948
NOTE: UFBoot does not converge, continue at least 100 more iterations
Iteration 610 / LogL: -11432832.925 / Time: 30h:10m:54s (4h:27m:37s left)
Iteration 620 / LogL: -11432460.012 / Time: 30h:35m:50s (3h:57m:15s left)
Iteration 630 / LogL: -11433261.056 / Time: 31h:0m:50s (3h:27m:5s left)
Iteration 640 / LogL: -11431113.673 / Time: 31h:25m:53s (2h:57m:4s left)
Iteration 650 / LogL: -11438696.201 / Time: 31h:52m:0s (2h:27m:18s left)
Log-likelihood cutoff on original alignment: -11428274.619
Iteration 660 / LogL: -11428897.931 / Time: 32h:18m:14s (1h:57m:38s left)
Iteration 670 / LogL: -11432129.980 / Time: 32h:43m:51s (1h:28m:3s left)
Estimate model parameters (epsilon = 0.100)
BETTER TREE FOUND at iteration 675: -11427214.551
Iteration 680 / LogL: -11432644.543 / Time: 33h:13m:33s (4h:38m:55s left)
Iteration 690 / LogL: -11431126.994 / Time: 33h:39m:14s (4h:9m:6s left)
Iteration 700 / LogL: -11435611.996 / Time: 34h:4m:0s (3h:39m:18s left)
Log-likelihood cutoff on original alignment: -11428274.619
NOTE: Bootstrap correlation coefficient of split occurrence frequencies: 0.877
NOTE: UFBoot does not converge, continue at least 100 more iterations
Iteration 710 / LogL: -11431044.391 / Time: 34h:30m:43s (4h:22m:51s left)
Iteration 720 / LogL: -11429703.390 / Time: 34h:57m:8s (3h:53m:20s left)
Iteration 730 / LogL: -11434343.378 / Time: 35h:22m:51s (3h:23m:50s left)
Iteration 740 / LogL: -11430203.605 / Time: 35h:48m:17s (2h:54m:25s left)
Iteration 750 / LogL: -11436385.980 / Time: 36h:13m:27s (2h:25m:5s left)
Log-likelihood cutoff on original alignment: -11428274.619
Iteration 760 / LogL: -11434927.138 / Time: 36h:39m:39s (1h:55m:55s left)
Iteration 770 / LogL: -11436864.475 / Time: 37h:5m:13s (1h:26m:48s left)
Iteration 780 / LogL: -11431345.347 / Time: 37h:31m:36s (0h:57m:48s left)
Iteration 790 / LogL: -11428283.307 / Time: 37h:57m:19s (0h:28m:51s left)
Iteration 800 / LogL: -11435374.275 / Time: 38h:22m:21s (0h:0m:0s left)
Log-likelihood cutoff on original alignment: -11428274.619
NOTE: Bootstrap correlation coefficient of split occurrence frequencies: 0.946
NOTE: UFBoot does not converge, continue at least 100 more iterations
Iteration 810 / LogL: -11429614.438 / Time: 38h:48m:2s (4h:18m:59s left)
Iteration 820 / LogL: -11431908.348 / Time: 39h:13m:4s (3h:49m:50s left)
Iteration 830 / LogL: -11432936.894 / Time: 39h:39m:16s (3h:20m:54s left)
Iteration 840 / LogL: -11429903.595 / Time: 40h:5m:4s (2h:51m:59s left)
Iteration 850 / LogL: -11440149.378 / Time: 40h:31m:8s (2h:23m:10s left)
Log-likelihood cutoff on original alignment: -11428270.336
Iteration 860 / LogL: -11430373.618 / Time: 40h:57m:49s (1h:54m:27s left)
Iteration 870 / LogL: -11431831.154 / Time: 41h:22m:51s (1h:25m:42s left)
Iteration 880 / LogL: -11431272.013 / Time: 41h:49m:35s (0h:57m:6s left)
Iteration 890 / LogL: -11428607.592 / Time: 42h:15m:17s (0h:28m:31s left)
Iteration 900 / LogL: -11428488.530 / Time: 42h:39m:26s (0h:0m:0s left)
Log-likelihood cutoff on original alignment: -11428270.336
NOTE: Bootstrap correlation coefficient of split occurrence frequencies: 0.942
NOTE: UFBoot does not converge, continue at least 100 more iterations
Iteration 910 / LogL: -11428731.122 / Time: 43h:4m:27s (4h:15m:53s left)
Iteration 920 / LogL: -11432223.407 / Time: 43h:30m:0s (3h:47m:12s left)
Iteration 930 / LogL: -11434027.535 / Time: 43h:54m:51s (3h:18m:32s left)
Iteration 940 / LogL: -11431603.546 / Time: 44h:21m:56s (2h:50m:5s left)
Iteration 950 / LogL: -11435200.810 / Time: 44h:47m:51s (2h:21m:36s left)
Log-likelihood cutoff on original alignment: -11428270.336
Iteration 960 / LogL: -11437819.430 / Time: 45h:12m:33s (1h:53m:8s left)
Iteration 970 / LogL: -11427321.543 / Time: 45h:38m:4s (1h:24m:46s left)
Iteration 980 / LogL: -11429380.977 / Time: 46h:3m:6s (0h:56m:26s left)
Iteration 990 / LogL: -11448659.866 / Time: 46h:29m:20s (0h:28m:12s left)
Iteration 1000 / LogL: -11436001.216 / Time: 46h:55m:12s (0h:0m:0s left)
Log-likelihood cutoff on original alignment: -11428270.336
NOTE: Bootstrap correlation coefficient of split occurrence frequencies: 0.957
NOTE: UFBoot does not converge, continue at least 100 more iterations
WARNING: bootstrap analysis did not converge. You should rerun with higher number of iterations (-nm option)
TREE SEARCH COMPLETED AFTER 1001 ITERATIONS / Time: 46h:57m:46s

--------------------------------------------------------------------
|                    FINALIZING TREE SEARCH                        |
--------------------------------------------------------------------
Performs final model parameters optimization
Estimate model parameters (epsilon = 0.010)
1. Initial log-likelihood: -11427214.551
2. Current log-likelihood: -11427214.479
3. Current log-likelihood: -11427214.424
4. Current log-likelihood: -11427214.374
5. Current log-likelihood: -11427214.327
6. Current log-likelihood: -11427214.294
7. Current log-likelihood: -11427214.237
8. Current log-likelihood: -11427214.206
9. Current log-likelihood: -11427214.177
10. Current log-likelihood: -11427214.121
11. Current log-likelihood: -11427214.096
12. Current log-likelihood: -11427214.080
13. Current log-likelihood: -11427214.057
14. Current log-likelihood: -11427214.042
15. Current log-likelihood: -11427214.026
16. Current log-likelihood: -11427214.014
17. Current log-likelihood: -11427213.995
18. Current log-likelihood: -11427213.983
19. Current log-likelihood: -11427213.954
20. Current log-likelihood: -11427213.927
Optimal log-likelihood: -11427213.916
Rate parameters:  A-C: 1.00867  A-G: 4.01770  A-T: 0.64415  C-G: 0.96563  C-T: 4.01770  G-T: 1.00000
Base frequencies:  A: 0.234  C: 0.267  G: 0.266  T: 0.233
Site proportion and rates:  (0.168,0.140) (0.309,0.542) (0.239,1.064) (0.241,1.797) (0.044,2.807)
Parameters optimization took 20 rounds (854.839 sec)
BEST SCORE FOUND : -11427213.916
Creating bootstrap support values...
Split supports printed to NEXUS file phlip_new_fasta.phy.splits.nex
Total tree length: 16.739

Total number of iterations: 1001
CPU time used for tree search: 1120179.058 sec (311h:9m:39s)
Wall-clock time used for tree search: 163099.666 sec (45h:18m:19s)
Total CPU time used: 1164621.884 sec (323h:30m:21s)
Total wall-clock time used: 169923.401 sec (47h:12m:3s)

Computing bootstrap consensus tree...
Reading input file phlip_new_fasta.phy.splits.nex...
226 taxa and 569 splits.
Consensus tree written to phlip_new_fasta.phy.contree
Reading input trees file phlip_new_fasta.phy.contree
Log-likelihood of consensus tree: -11427945.799

Analysis results written to: 
  IQ-TREE report:                phlip_new_fasta.phy.iqtree
  Maximum-likelihood tree:       phlip_new_fasta.phy.treefile
  Likelihood distances:          phlip_new_fasta.phy.mldist

Ultrafast bootstrap approximation results written to:
  Split support values:          phlip_new_fasta.phy.splits.nex
  Consensus tree:                phlip_new_fasta.phy.contree
  Screen log file:               phlip_new_fasta.phy.log

Date and Time: Sun Mar 15 14:27:30 2020
